Enter battle field dimension: 10
Total duration: 30
Server started and listening on port 50051
Enter the number of soldiers on the defender side (<= 100): 30
Commander is: Soldier  13
Missile (M1) approaching at (6, 3)
Time: 0
.       .       .       .       9       .       26      .       .       .
23      .       8       27      .       .       .       .       2       .
13      .       .       22      .       .       28      .       .       .
.       .       .       .       21      5       19      .       .       .
.       14      4       .       .       .       .       20      .       .
.       .       .       .       .       15      30      25      .       .
.       .       12      x       .       .       7       .       .       .
.       16      .       .       .       .       29      18      .       .
.       6       .       10      .       1       .       .       .       .
3       .       24      .       .       17      11      .       .       .
Soldier 1 - Status: Alive
Soldier 2 - Status: Alive
Soldier 3 - Status: Alive
Soldier 4 - Status: Alive
Soldier 5 - Status: Alive
Soldier 6 - Status: Alive
Soldier 7 - Status: Alive
Soldier 8 - Status: Alive
Soldier 9 - Status: Alive
Soldier 10 - Status: Alive
Soldier 11 - Status: Alive
Soldier 12 - Status: Alive
Soldier 13 - Status: Alive
Soldier 14 - Status: Alive
Soldier 15 - Status: Alive
Soldier 16 - Status: Alive
Soldier 17 - Status: Alive
Soldier 18 - Status: Alive
Soldier 19 - Status: Alive
Soldier 20 - Status: Alive
Soldier 21 - Status: Alive
Soldier 22 - Status: Alive
Soldier 23 - Status: Alive
Soldier 24 - Status: Alive
Soldier 25 - Status: Alive
Soldier 26 - Status: Alive
Soldier 27 - Status: Alive
Soldier 28 - Status: Alive
Soldier 29 - Status: Alive
Soldier 30 - Status: Alive
Casualty count:  0
Total 30
Missile (M1) approaching at (8, 4)
Time: 0
.       .       .       .       9       .       26      .       .       .
23      .       8       27      .       .       .       .       2       .
13      .       .       22      .       .       28      .       .       .
.       .       .       .       21      5       19      .       .       .
.       14      4       .       .       .       .       20      .       .
.       .       .       .       .       15      30      25      .       .
.       .       12      .       .       .       7       .       .       .
.       16      .       .       .       .       29      18      .       .
.       6       .       10      x       1       .       .       .       .
3       .       24      .       .       17      11      .       .       .
Soldier 1 - Status: Alive
Soldier 2 - Status: Alive
Soldier 3 - Status: Alive
Soldier 4 - Status: Alive
Soldier 5 - Status: Alive
Soldier 6 - Status: Alive
Soldier 7 - Status: Alive
Soldier 8 - Status: Alive
Soldier 9 - Status: Alive
Soldier 10 - Status: Alive
Soldier 11 - Status: Alive
Soldier 12 - Status: Alive
Soldier 13 - Status: Alive
Soldier 14 - Status: Alive
Soldier 15 - Status: Alive
Soldier 16 - Status: Alive
Soldier 17 - Status: Alive
Soldier 18 - Status: Alive
Soldier 19 - Status: Alive
Soldier 20 - Status: Alive
Soldier 21 - Status: Alive
Soldier 22 - Status: Alive
Soldier 23 - Status: Alive
Soldier 24 - Status: Alive
Soldier 25 - Status: Alive
Soldier 26 - Status: Alive
Soldier 27 - Status: Alive
Soldier 28 - Status: Alive
Soldier 29 - Status: Alive
Soldier 30 - Status: Alive
Casualty count:  0
Total 30
Missile (M1) approaching at (6, 4)
Time: 0
.       .       .       .       9       .       26      .       .       .
23      .       8       27      .       .       .       .       2       .
13      .       .       22      .       .       28      .       .       .
.       .       .       .       21      5       19      .       .       .
.       14      4       .       .       .       .       20      .       .
.       .       .       .       .       15      30      25      .       .
.       .       12      .       x       .       7       .       .       .
.       16      .       .       .       .       29      18      .       .
.       6       .       10      .       1       .       .       .       .
3       .       24      .       .       17      11      .       .       .
Soldier 1 - Status: Alive
Soldier 2 - Status: Alive
Soldier 3 - Status: Alive
Soldier 4 - Status: Alive
Soldier 5 - Status: Alive
Soldier 6 - Status: Alive
Soldier 7 - Status: Alive
Soldier 8 - Status: Alive
Soldier 9 - Status: Alive
Soldier 10 - Status: Alive
Soldier 11 - Status: Alive
Soldier 12 - Status: Alive
Soldier 13 - Status: Alive
Soldier 14 - Status: Alive
Soldier 15 - Status: Alive
Soldier 16 - Status: Alive
Soldier 17 - Status: Alive
Soldier 18 - Status: Alive
Soldier 19 - Status: Alive
Soldier 20 - Status: Alive
Soldier 21 - Status: Alive
Soldier 22 - Status: Alive
Soldier 23 - Status: Alive
Soldier 24 - Status: Alive
Soldier 25 - Status: Alive
Soldier 26 - Status: Alive
Soldier 27 - Status: Alive
Soldier 28 - Status: Alive
Soldier 29 - Status: Alive
Soldier 30 - Status: Alive
Casualty count:  0
Total 30
Missile (M2) approaching at (1, 4)
Time: 0
22      9       .       x       x       x       26      .       .       .
23      27      8       x       x       x       .       .       2       .
13      .       .       x       x       x       28      .       .       .
.       .       .       .       21      5       19      .       .       .
.       14      4       .       .       .       .       20      .       .
.       .       .       .       .       15      30      25      .       .
.       .       12      .       .       .       7       .       .       .
.       16      .       .       .       .       29      18      .       .
.       6       .       10      .       1       .       .       .       .
3       .       24      .       .       17      11      .       .       .
Soldier 1 - Status: Alive
Soldier 2 - Status: Alive
Soldier 3 - Status: Alive
Soldier 4 - Status: Alive
Soldier 5 - Status: Alive
Soldier 6 - Status: Alive
Soldier 7 - Status: Alive
Soldier 8 - Status: Alive
Soldier 9 - Status: Alive
Soldier 10 - Status: Alive
Soldier 11 - Status: Alive
Soldier 12 - Status: Alive
Soldier 13 - Status: Alive
Soldier 14 - Status: Alive
Soldier 15 - Status: Alive
Soldier 16 - Status: Alive
Soldier 17 - Status: Alive
Soldier 18 - Status: Alive
Soldier 19 - Status: Alive
Soldier 20 - Status: Alive
Soldier 21 - Status: Alive
Soldier 22 - Status: Alive
Soldier 23 - Status: Alive
Soldier 24 - Status: Alive
Soldier 25 - Status: Alive
Soldier 26 - Status: Alive
Soldier 27 - Status: Alive
Soldier 28 - Status: Alive
Soldier 29 - Status: Alive
Soldier 30 - Status: Alive
Casualty count:  0
Total 30
Missile (M1) approaching at (9, 3)
Time: 0
22      9       .       .       .       .       26      .       .       .
23      27      8       .       .       .       .       .       2       .
13      .       .       .       .       .       28      .       .       .
.       .       .       .       21      5       19      .       .       .
.       14      4       .       .       .       .       20      .       .
.       .       .       .       .       15      30      25      .       .
.       .       12      .       .       .       7       .       .       .
.       16      .       .       .       .       29      18      .       .
.       6       .       10      .       1       .       .       .       .
3       .       24      x       .       17      11      .       .       .
Soldier 1 - Status: Alive
Soldier 2 - Status: Alive
Soldier 3 - Status: Alive
Soldier 4 - Status: Alive
Soldier 5 - Status: Alive
Soldier 6 - Status: Alive
Soldier 7 - Status: Alive
Soldier 8 - Status: Alive
Soldier 9 - Status: Alive
Soldier 10 - Status: Alive
Soldier 11 - Status: Alive
Soldier 12 - Status: Alive
Soldier 13 - Status: Alive
Soldier 14 - Status: Alive
Soldier 15 - Status: Alive
Soldier 16 - Status: Alive
Soldier 17 - Status: Alive
Soldier 18 - Status: Alive
Soldier 19 - Status: Alive
Soldier 20 - Status: Alive
Soldier 21 - Status: Alive
Soldier 22 - Status: Alive
Soldier 23 - Status: Alive
Soldier 24 - Status: Alive
Soldier 25 - Status: Alive
Soldier 26 - Status: Alive
Soldier 27 - Status: Alive
Soldier 28 - Status: Alive
Soldier 29 - Status: Alive
Soldier 30 - Status: Alive
Casualty count:  0
Total 30
Missile (M4) approaching at (2, 6)
Time: 0
22      9       26      x       x       x       x       x       x       x
23      27      8       x       x       x       x       x       2       x
13      .       15      x       x       x       28      x       x       x
.       .       .       x       21      5       19      x       x       x
.       14      4       x       x       x       x       x       x       x
.       .       .       x       x       x       x       x       x       x
.       .       12      .       20      30      7       .       .       .
.       16      .       .       25      .       29      18      .       .
.       6       .       10      .       1       .       .       .       .
3       .       24      .       .       17      11      .       .       .
Soldier 1 - Status: Alive
Soldier 2 - Status: Hit
Soldier 3 - Status: Alive
Soldier 4 - Status: Alive
Soldier 5 - Status: Hit
Soldier 6 - Status: Alive
Soldier 7 - Status: Alive
Soldier 8 - Status: Alive
Soldier 9 - Status: Alive
Soldier 10 - Status: Alive
Soldier 11 - Status: Alive
Soldier 12 - Status: Alive
Soldier 13 - Status: Alive
Soldier 14 - Status: Alive
Soldier 15 - Status: Alive
Soldier 16 - Status: Alive
Soldier 17 - Status: Alive
Soldier 18 - Status: Alive
Soldier 19 - Status: Hit
Soldier 20 - Status: Alive
Soldier 21 - Status: Hit
Soldier 22 - Status: Alive
Soldier 23 - Status: Alive
Soldier 24 - Status: Alive
Soldier 25 - Status: Alive
Soldier 26 - Status: Alive
Soldier 27 - Status: Alive
Soldier 28 - Status: Hit
Soldier 29 - Status: Alive
Soldier 30 - Status: Alive
Casualty count:  5
Total 30
Missile (M3) approaching at (0, 3)
Time: 0
22      x       x       x       x       x       .       .       .       .
23      x       8       x       x       x       .       .       .       .
13      x       x       x       x       x       .       .       .       .
9       26      27      .       .       .       .       .       .       .
15      14      4       .       .       .       .       .       .       .
.       .       .       .       .       .       .       .       .       .
.       .       12      .       20      30      7       .       .       .
.       16      .       .       25      .       29      18      .       .
.       6       .       10      .       1       .       .       .       .
3       .       24      .       .       17      11      .       .       .
Soldier 1 - Status: Alive
Soldier 2 - Status: Deceased
Soldier 3 - Status: Alive
Soldier 4 - Status: Alive
Soldier 5 - Status: Deceased
Soldier 6 - Status: Alive
Soldier 7 - Status: Alive
Soldier 8 - Status: Hit
Soldier 9 - Status: Alive
Soldier 10 - Status: Alive
Soldier 11 - Status: Alive
Soldier 12 - Status: Alive
Soldier 13 - Status: Alive
Soldier 14 - Status: Alive
Soldier 15 - Status: Alive
Soldier 16 - Status: Alive
Soldier 17 - Status: Alive
Soldier 18 - Status: Alive
Soldier 19 - Status: Deceased
Soldier 20 - Status: Alive
Soldier 21 - Status: Deceased
Soldier 22 - Status: Alive
Soldier 23 - Status: Alive
Soldier 24 - Status: Alive
Soldier 25 - Status: Alive
Soldier 26 - Status: Alive
Soldier 27 - Status: Alive
Soldier 28 - Status: Deceased
Soldier 29 - Status: Alive
Soldier 30 - Status: Alive
Casualty count:  6
Total 30
Missile (M3) approaching at (8, 4)
Time: 0
22      .       .       .       .       .       .       .       .       .
23      .       .       .       .       .       .       .       .       .
13      .       .       .       .       .       .       .       .       .
9       26      27      29      .       .       .       .       .       .
15      14      4       25      .       .       .       .       .       .
.       1       11      .       30      .       .       .       .       .
.       12      x       x       x       x       7       .       .       .
.       16      x       x       x       x       x       18      .       .
.       6       x       10      x       x       x       17      .       .
3       20      24      x       x       x       x       .       .       .
Soldier 1 - Status: Alive
Soldier 2 - Status: Deceased
Soldier 3 - Status: Alive
Soldier 4 - Status: Alive
Soldier 5 - Status: Deceased
Soldier 6 - Status: Alive
Soldier 7 - Status: Hit
Soldier 8 - Status: Deceased
Soldier 9 - Status: Alive
Soldier 10 - Status: Hit
Soldier 11 - Status: Alive
Soldier 12 - Status: Alive
Soldier 13 - Status: Alive
Soldier 14 - Status: Alive
Soldier 15 - Status: Alive
Soldier 16 - Status: Alive
Soldier 17 - Status: Alive
Soldier 18 - Status: Alive
Soldier 19 - Status: Deceased
Soldier 20 - Status: Alive
Soldier 21 - Status: Deceased
Soldier 22 - Status: Alive
Soldier 23 - Status: Alive
Soldier 24 - Status: Hit
Soldier 25 - Status: Alive
Soldier 26 - Status: Alive
Soldier 27 - Status: Alive
Soldier 28 - Status: Deceased
Soldier 29 - Status: Alive
Soldier 30 - Status: Alive
Casualty count:  9
Total 30
Missile (M3) approaching at (5, 2)
Time: 0
22      9       26      29      .       .       .       .       .       .
23      4       14      25      .       .       .       .       .       .
13      11      15      27      .       .       .       .       .       .
x       x       x       x       x       .       .       .       .       .
x       x       x       x       x       30      .       .       .       .
x       x       x       x       x       .       .       .       .       .
x       12      x       x       x       .       .       .       .       .
x       x       x       x       x       .       .       18      .       .
1       6       16      .       .       .       .       17      .       .
3       20      .       .       .       .       .       .       .       .
Soldier 1 - Status: Alive
Soldier 2 - Status: Deceased
Soldier 3 - Status: Alive
Soldier 4 - Status: Alive
Soldier 5 - Status: Deceased
Soldier 6 - Status: Alive
Soldier 7 - Status: Deceased
Soldier 8 - Status: Deceased
Soldier 9 - Status: Alive
Soldier 10 - Status: Deceased
Soldier 11 - Status: Alive
Soldier 12 - Status: Hit
Soldier 13 - Status: Alive
Soldier 14 - Status: Alive
Soldier 15 - Status: Alive
Soldier 16 - Status: Alive
Soldier 17 - Status: Alive
Soldier 18 - Status: Alive
Soldier 19 - Status: Deceased
Soldier 20 - Status: Alive
Soldier 21 - Status: Deceased
Soldier 22 - Status: Alive
Soldier 23 - Status: Alive
Soldier 24 - Status: Deceased
Soldier 25 - Status: Alive
Soldier 26 - Status: Alive
Soldier 27 - Status: Alive
Soldier 28 - Status: Deceased
Soldier 29 - Status: Alive
Soldier 30 - Status: Alive
Casualty count:  10
Total 30
Missile (M3) approaching at (2, 0)
Time: 0
22      x       x       29      9       .       .       .       .       .
23      x       x       25      26      .       .       .       .       .
13      x       x       27      .       .       .       .       .       .
x       x       x       4       .       .       .       .       .       .
x       x       x       14      .       30      .       .       .       .
11      15      .       .       .       .       .       .       .       .
.       .       .       .       .       .       .       .       .       .
.       .       .       .       .       .       .       18      .       .
1       6       16      .       .       .       .       17      .       .
3       20      .       .       .       .       .       .       .       .
Soldier 1 - Status: Alive
Soldier 2 - Status: Deceased
Soldier 3 - Status: Alive
Soldier 4 - Status: Alive
Soldier 5 - Status: Deceased
Soldier 6 - Status: Alive
Soldier 7 - Status: Deceased
Soldier 8 - Status: Deceased
Soldier 9 - Status: Alive
Soldier 10 - Status: Deceased
Soldier 11 - Status: Alive
Soldier 12 - Status: Deceased
Soldier 13 - Status: Hit
Soldier 14 - Status: Alive
Soldier 15 - Status: Alive
Soldier 16 - Status: Alive
Soldier 17 - Status: Alive
Soldier 18 - Status: Alive
Soldier 19 - Status: Deceased
Soldier 20 - Status: Alive
Soldier 21 - Status: Deceased
Soldier 22 - Status: Hit
Soldier 23 - Status: Hit
Soldier 24 - Status: Deceased
Soldier 25 - Status: Alive
Soldier 26 - Status: Alive
Soldier 27 - Status: Alive
Soldier 28 - Status: Deceased
Soldier 29 - Status: Alive
Soldier 30 - Status: Alive
Casualty count:  13
Total 30
