Welcome to battle simulation!!
Enter battle field size (Enter value N for battlefield of size N X N): 10
Enter duration of battle simulation (in seconds): 30
Enter regular intervals at which missiles will be launched (in seconds): 3
Casualty count:  9
Time left:  27
Casualty count:  9
Time left:  24
Casualty count:  11
Time left:  21
Casualty count:  11
Time left:  18
Casualty count:  11
Time left:  15
Casualty count:  11
Time left:  12
Casualty count:  11
Time left:  9
Casualty count:  12
Time left:  6
Casualty count:  13
Time left:  3
Casualty count:  13
Time left:  0
We lost the war :(

(myvenv) C:\Users\Abhilash\Desktop\AOS_assignment\WarRPC>python attacker.py
Welcome to battle simulation!!
Enter battle field size (Enter value N for battlefield of size N X N): 10
Enter duration of battle simulation (in seconds): 30
Enter regular intervals at which missiles will be launched (in seconds): 3
Missile (M2) Launching at (9, 7)
Casualty count:  0
Time left:  27
Missile (M4) Launching at (9, 9)
Casualty count:  2
Time left:  24
Missile (M4) Launching at (9, 5)
Casualty count:  4
Time left:  21
Missile (M2) Launching at (7, 9)
Casualty count:  4
Time left:  18
Missile (M3) Launching at (5, 8)
Casualty count:  6
Time left:  15
Missile (M2) Launching at (7, 3)
Casualty count:  6
Time left:  12
Missile (M4) Launching at (5, 5)
Casualty count:  11
Time left:  9
Missile (M3) Launching at (9, 7)
Casualty count:  11
Time left:  6
Missile (M4) Launching at (0, 4)
Casualty count:  16
Time left:  3
We won the war!! Hurray!!

(myvenv) C:\Users\Abhilash\Desktop\AOS_assignment\WarRPC>python attacker.py
Welcome to battle simulation!!
Enter battle field size (Enter value N for battlefield of size N X N): 10
Enter duration of battle simulation (in seconds): 30
Enter regular intervals at which missiles will be launched (in seconds): 3
Missile (M3) Launching at (2, 1)
Casualty count:  2
Time left:  27
Missile (M4) Launching at (2, 8)
Casualty count:  4
Time left:  24
Missile (M2) Launching at (0, 0)
Casualty count:  4
Time left:  21
Missile (M2) Launching at (1, 1)
Casualty count:  4
Time left:  18
Missile (M2) Launching at (9, 4)
Casualty count:  5
Time left:  15
Missile (M4) Launching at (2, 2)
Casualty count:  9
Time left:  12
Missile (M3) Launching at (4, 5)
Casualty count:  9
Time left:  9
Missile (M4) Launching at (2, 3)
Casualty count:  11
Time left:  6
Missile (M2) Launching at (6, 4)
Casualty count:  11
Time left:  3
Missile (M2) Launching at (8, 2)
Casualty count:  12
Time left:  0
We lost the war :(

(myvenv) C:\Users\Abhilash\Desktop\AOS_assignment\WarRPC>python attacker.py
Welcome to battle simulation!!
Enter battle field size (Enter value N for battlefield of size N X N): 10
Enter duration of battle simulation (in seconds): 30
Enter regular intervals at which missiles will be launched (in seconds): 3
Missile (M4) Launching at (7, 4)
Casualty count:  3
Time left:  27
Missile (M4) Launching at (7, 6)
Casualty count:  9
Time left:  24
Missile (M3) Launching at (8, 0)
Casualty count:  9
Time left:  21
Missile (M1) Launching at (9, 0)
Casualty count:  9
Time left:  18
Missile (M4) Launching at (1, 3)
Casualty count:  13
Time left:  15
Missile (M1) Launching at (7, 5)
Casualty count:  13
Time left:  12
Missile (M4) Launching at (6, 7)
Casualty count:  13
Time left:  9
Missile (M1) Launching at (5, 5)
Casualty count:  13
Time left:  6
Missile (M3) Launching at (5, 0)
Casualty count:  14
Time left:  3
Missile (M4) Launching at (5, 8)
Casualty count:  14
Time left:  0
We lost the war :(

(myvenv) C:\Users\Abhilash\Desktop\AOS_assignment\WarRPC>python attacker.py
Welcome to battle simulation!!
Enter battle field size (Enter value N for battlefield of size N X N): 10
Enter duration of battle simulation (in seconds): 30
Enter regular intervals at which missiles will be launched (in seconds): 3
Missile (M1) Launching at (6, 3)
Casualty count:  0
Time left:  27
Missile (M1) Launching at (8, 4)
Casualty count:  0
Time left:  24
Missile (M1) Launching at (6, 4)
Casualty count:  0
Time left:  21
Missile (M2) Launching at (1, 4)
Casualty count:  0
Time left:  18
Missile (M1) Launching at (9, 3)
Casualty count:  0
Time left:  15
Missile (M4) Launching at (2, 6)
Casualty count:  5
Time left:  12
Missile (M3) Launching at (0, 3)
Casualty count:  6
Time left:  9
Missile (M3) Launching at (8, 4)
Casualty count:  9
Time left:  6
Missile (M3) Launching at (5, 2)
Casualty count:  10
Time left:  3
Missile (M3) Launching at (2, 0)
Casualty count:  13
Time left:  0
We lost the war :(
